<?xml version="1.0" encoding="UTF-8"?>
<testsuite name="OptionsTest" tests="1" skipped="0" failures="0" errors="0" timestamp="2018-03-14T16:08:31" hostname="KKomp" time="0.003">
  <properties/>
  <testcase name="option" classname="OptionsTest" time="0.003"/>
  <system-out><![CDATA[]]></system-out>
  <system-err><![CDATA[]]></system-err>
</testsuite>
